<?xml version="1.0" encoding="UTF-8"?>
<testsuite name="com.example.redispipelinetest.service.RedisServiceTest" tests="1" skipped="0" failures="0" errors="0" timestamp="2024-01-05T18:35:11" hostname="goldroger-2pc.local" time="0.688">
  <properties/>
  <testcase name="검색_파이프라인_테스트()" classname="com.example.redispipelinetest.service.RedisServiceTest" time="0.688"/>
  <system-out><![CDATA[03:35:09.927 [Test worker] INFO org.springframework.test.context.support.AnnotationConfigContextLoaderUtils -- Could not detect default configuration classes for test class [com.example.redispipelinetest.service.RedisServiceTest]: RedisServiceTest does not declare any static, non-private, non-final, nested classes annotated with @Configuration.
03:35:09.976 [Test worker] INFO org.springframework.boot.test.context.SpringBootTestContextBootstrapper -- Found @SpringBootConfiguration com.example.redispipelinetest.RedisPipelineTestApplication for test class com.example.redispipelinetest.service.RedisServiceTest

  .   ____          _            __ _ _
 /\\ / ___'_ __ _ _(_)_ __  __ _ \ \ \ \
( ( )\___ | '_ | '_| | '_ \/ _` | \ \ \ \
 \\/  ___)| |_)| | | | | || (_| |  ) ) ) )
  '  |____| .__|_| |_|_| |_\__, | / / / /
 =========|_|==============|___/=/_/_/_/
 :: Spring Boot ::                (v3.2.1)

2024-01-06T03:35:10.189+09:00  WARN 39074 --- [    Test worker] ory$DuplicateJsonObjectContextCustomizer : 

Found multiple occurrences of org.json.JSONObject on the class path:

	jar:file:/Users/kakao/.gradle/caches/modules-2/files-2.1/org.json/json/20230227/7a0d4aca76513d8ce81f9b044ce8126b84809ad8/json-20230227.jar!/org/json/JSONObject.class
	jar:file:/Users/kakao/.gradle/caches/modules-2/files-2.1/com.vaadin.external.google/android-json/0.0.20131108.vaadin1/fa26d351fe62a6a17f5cda1287c1c6110dec413f/android-json-0.0.20131108.vaadin1.jar!/org/json/JSONObject.class

You may wish to exclude one of them to ensure predictable runtime behavior

2024-01-06T03:35:10.197+09:00  INFO 39074 --- [    Test worker] c.e.r.service.RedisServiceTest           : Starting RedisServiceTest using Java 17.0.7 with PID 39074 (started by kakao in /Users/kakao/IdeaProjects/redis-pipeline-test)
2024-01-06T03:35:10.198+09:00  INFO 39074 --- [    Test worker] c.e.r.service.RedisServiceTest           : No active profile set, falling back to 1 default profile: "default"
2024-01-06T03:35:10.527+09:00  INFO 39074 --- [    Test worker] .s.d.r.c.RepositoryConfigurationDelegate : Multiple Spring Data modules found, entering strict repository configuration mode
2024-01-06T03:35:10.528+09:00  INFO 39074 --- [    Test worker] .s.d.r.c.RepositoryConfigurationDelegate : Bootstrapping Spring Data Redis repositories in DEFAULT mode.
2024-01-06T03:35:10.544+09:00  INFO 39074 --- [    Test worker] .s.d.r.c.RepositoryConfigurationDelegate : Finished Spring Data repository scanning in 7 ms. Found 0 Redis repository interfaces.
2024-01-06T03:35:10.782+09:00 ERROR 39074 --- [    Test worker] i.n.r.d.DnsServerAddressStreamProviders  : Unable to load io.netty.resolver.dns.macos.MacOSDnsServerAddressStreamProvider, fallback to system defaults. This may result in incorrect DNS resolutions on MacOS. Check whether you have a dependency on 'io.netty:netty-resolver-dns-native-macos'. Use DEBUG level to see the full stack: java.lang.UnsatisfiedLinkError: failed to load the required native library
2024-01-06T03:35:11.162+09:00  INFO 39074 --- [    Test worker] c.e.r.service.RedisServiceTest           : Started RedisServiceTest in 1.101 seconds (process running for 1.61)
소요시간 = 247ms
[null, null, null, null, null, null, null, null, null, null, null, null, null, null, null, null, null, null, null, null, null, null, null, null, null, null, null, null, null, null, null, null, null, null, null, null, null, null, null, null, null, null, null, null, null, null, null, null, null, null, null, null, null, null, null, null, null, null, null, null, null, null, null, null, null, null, null, null, null, null, null, null, null, null, null, null, null, null, null, null, null, null, null, null, null, null, null, null, null, null, null, null, null, null, null, null, null, null, null, null, null, null, null, null, null, null, null, null, null, null, null, null, null, null, null, null, null, null, null, null, null, null, null, null, null, null, null, null, null, null, null, null, null, null, null, null, null, null, null, null, null, null, null, null, null, null, null, null, null, null, null, null, null, null, null, null, null, null, null, null, null, null, null, null, null, null, null, null, null, null, null, null, null, null, null, null, null, null, null, null, null, null, null, null, null, null, null, null, null, null, null, null, null, null, null, null, null, null, null, null, null, null, null, null, null, null, null, null, null, null, null, null, null, null, null, null, null, null, null, null, null, null, null, null, null, null, null, null, null, null, null, null, null, null, null, null, null, null, null, null, null, null, null, null, null, null, null, null, null, null, null, null, null, null, null, null, null, null, null, null, null, null, null, null, null, null, null, null, null, null, null, null, null, null, null, null, null, null, null, null, null, null, null, null, null, null, null, null, null, null, null, null, null, null, null, null, null, null, null, null, null, null, null, null, null, null, null, null, null, null, null, null, null, null, null, null, null, null, null, null, null, null, null, null, null, null, null, null, null, null, null, null, null, null, null, null, null, null, null, null, null, null, null, null, null, null, null, null, null, null, null, null, null, null, null, null, null, null, null, null, null, null, null, null, null, null, null, null, null, null, null, null, null, null, null, null, null, null, null, null, null, null, null, null, null, null, null, null, null, null, null, null, null, null, null, null, null, null, null, null, null, null, null, null, null, null, null, null, null, null, null, null, null, null, null, null, null, null, null, null, null, null, null, null, null, null, null, null, null, null, null, null, null, null, null, null, null, null, null, null, null, null, null, null, null, null, null, null, null, null, null, null, null, null, null, null, null, null, null, null, null, null, null, null, null, null, null, null, null, null, null, null, null, null, null, null, null, null, null, null, null, null, null, null, null, null, null, null, null, null, null, null, null, null, null, null, null, null, null, null]
]]></system-out>
  <system-err><![CDATA[]]></system-err>
</testsuite>
